<?xml version="1.0" encoding="UTF-8"?>
<!-- Generated by org.testng.reporters.JUnitXMLReporter -->
<testsuite ignored="0" hostname="TYSS-Deepak" failures="0" tests="4" name="Test" time="0.017" errors="0" timestamp="09 Aug 2023 11:09:32 GMT">
  <testcase classname="pac1.ContactTest" name="createcontactTest" time="0.003"/>
  <testcase classname="pac1.ContactTest" name="modifycontactTest" time="0.0"/>
  <testcase classname="pac2.OrgTest" name="createOrgTest" time="0.0"/>
  <testcase classname="pac2.OrgTest" name="modifyOrgTest" time="0.0"/>
</testsuite> <!-- Test -->
