<?xml version="1.0" encoding="UTF-8"?>
<!-- Generated by org.testng.reporters.JUnitXMLReporter -->
<testsuite ignored="0" hostname="TYSS-Deepak" failures="0" tests="4" name="Surefire test" time="0.019" errors="0" timestamp="09 Aug 2023 11:06:31 GMT">
  <testcase classname="pac1.ContactTest" name="createcontactTest" time="0.005"/>
  <testcase classname="pac1.ContactTest" name="modifycontactTest" time="0.001"/>
  <testcase classname="pac2.OrgTest" name="createOrgTest" time="0.001"/>
  <testcase classname="pac2.OrgTest" name="modifyOrgTest" time="0.0"/>
</testsuite> <!-- Surefire test -->
